Performing C SOURCE FILE Test CMAKE_HAVE_LIBC_PTHREAD failed with the following output:
Change Dir: /home/jetson/Downloads/VIO/code/aru_core/src/CMakeFiles/CMakeTmp

Run Build Command(s):/usr/bin/make cmTC_e4a3e/fast && /usr/bin/make -f CMakeFiles/cmTC_e4a3e.dir/build.make CMakeFiles/cmTC_e4a3e.dir/build
make[1]: Entering directory '/home/jetson/Downloads/VIO/code/aru_core/src/CMakeFiles/CMakeTmp'
Building C object CMakeFiles/cmTC_e4a3e.dir/src.c.o
/usr/bin/cc   -DCMAKE_HAVE_LIBC_PTHREAD -fPIE   -o CMakeFiles/cmTC_e4a3e.dir/src.c.o   -c /home/jetson/Downloads/VIO/code/aru_core/src/CMakeFiles/CMakeTmp/src.c
Linking C executable cmTC_e4a3e
/usr/bin/cmake -E cmake_link_script CMakeFiles/cmTC_e4a3e.dir/link.txt --verbose=1
/usr/bin/cc  -DCMAKE_HAVE_LIBC_PTHREAD    CMakeFiles/cmTC_e4a3e.dir/src.c.o  -o cmTC_e4a3e 
/usr/bin/ld: CMakeFiles/cmTC_e4a3e.dir/src.c.o: in function `main':
src.c:(.text+0x48): undefined reference to `pthread_create'
/usr/bin/ld: src.c:(.text+0x50): undefined reference to `pthread_detach'
/usr/bin/ld: src.c:(.text+0x5c): undefined reference to `pthread_join'
collect2: error: ld returned 1 exit status
make[1]: *** [CMakeFiles/cmTC_e4a3e.dir/build.make:87: cmTC_e4a3e] Error 1
make[1]: Leaving directory '/home/jetson/Downloads/VIO/code/aru_core/src/CMakeFiles/CMakeTmp'
make: *** [Makefile:121: cmTC_e4a3e/fast] Error 2


Source file was:
#include <pthread.h>

void* test_func(void* data)
{
  return data;
}

int main(void)
{
  pthread_t thread;
  pthread_create(&thread, NULL, test_func, NULL);
  pthread_detach(thread);
  pthread_join(thread, NULL);
  pthread_atfork(NULL, NULL, NULL);
  pthread_exit(NULL);

  return 0;
}

Determining if the function pthread_create exists in the pthreads failed with the following output:
Change Dir: /home/jetson/Downloads/VIO/code/aru_core/src/CMakeFiles/CMakeTmp

Run Build Command(s):/usr/bin/make cmTC_f4834/fast && /usr/bin/make -f CMakeFiles/cmTC_f4834.dir/build.make CMakeFiles/cmTC_f4834.dir/build
make[1]: Entering directory '/home/jetson/Downloads/VIO/code/aru_core/src/CMakeFiles/CMakeTmp'
Building C object CMakeFiles/cmTC_f4834.dir/CheckFunctionExists.c.o
/usr/bin/cc   -DCHECK_FUNCTION_EXISTS=pthread_create -fPIE   -o CMakeFiles/cmTC_f4834.dir/CheckFunctionExists.c.o   -c /usr/share/cmake-3.16/Modules/CheckFunctionExists.c
Linking C executable cmTC_f4834
/usr/bin/cmake -E cmake_link_script CMakeFiles/cmTC_f4834.dir/link.txt --verbose=1
/usr/bin/cc  -DCHECK_FUNCTION_EXISTS=pthread_create    CMakeFiles/cmTC_f4834.dir/CheckFunctionExists.c.o  -o cmTC_f4834  -lpthreads 
/usr/bin/ld: cannot find -lpthreads
collect2: error: ld returned 1 exit status
make[1]: *** [CMakeFiles/cmTC_f4834.dir/build.make:87: cmTC_f4834] Error 1
make[1]: Leaving directory '/home/jetson/Downloads/VIO/code/aru_core/src/CMakeFiles/CMakeTmp'
make: *** [Makefile:121: cmTC_f4834/fast] Error 2



Performing C SOURCE FILE Test CMAKE_HAVE_LIBC_PTHREAD failed with the following output:
Change Dir: /home/jetson/Downloads/VIO/code/aru_core/src/CMakeFiles/CMakeTmp

Run Build Command(s):/usr/bin/make cmTC_c740d/fast && /usr/bin/make -f CMakeFiles/cmTC_c740d.dir/build.make CMakeFiles/cmTC_c740d.dir/build
make[1]: Entering directory '/home/jetson/Downloads/VIO/code/aru_core/src/CMakeFiles/CMakeTmp'
Building C object CMakeFiles/cmTC_c740d.dir/src.c.o
/usr/bin/cc   -DCMAKE_HAVE_LIBC_PTHREAD -fPIE   -o CMakeFiles/cmTC_c740d.dir/src.c.o   -c /home/jetson/Downloads/VIO/code/aru_core/src/CMakeFiles/CMakeTmp/src.c
Linking C executable cmTC_c740d
/usr/bin/cmake -E cmake_link_script CMakeFiles/cmTC_c740d.dir/link.txt --verbose=1
/usr/bin/cc  -DCMAKE_HAVE_LIBC_PTHREAD    CMakeFiles/cmTC_c740d.dir/src.c.o  -o cmTC_c740d 
/usr/bin/ld: CMakeFiles/cmTC_c740d.dir/src.c.o: in function `main':
src.c:(.text+0x48): undefined reference to `pthread_create'
/usr/bin/ld: src.c:(.text+0x50): undefined reference to `pthread_detach'
/usr/bin/ld: src.c:(.text+0x5c): undefined reference to `pthread_join'
collect2: error: ld returned 1 exit status
make[1]: *** [CMakeFiles/cmTC_c740d.dir/build.make:87: cmTC_c740d] Error 1
make[1]: Leaving directory '/home/jetson/Downloads/VIO/code/aru_core/src/CMakeFiles/CMakeTmp'
make: *** [Makefile:121: cmTC_c740d/fast] Error 2


Source file was:
#include <pthread.h>

void* test_func(void* data)
{
  return data;
}

int main(void)
{
  pthread_t thread;
  pthread_create(&thread, NULL, test_func, NULL);
  pthread_detach(thread);
  pthread_join(thread, NULL);
  pthread_atfork(NULL, NULL, NULL);
  pthread_exit(NULL);

  return 0;
}

Determining if the function pthread_create exists in the pthreads failed with the following output:
Change Dir: /home/jetson/Downloads/VIO/code/aru_core/src/CMakeFiles/CMakeTmp

Run Build Command(s):/usr/bin/make cmTC_ae02d/fast && /usr/bin/make -f CMakeFiles/cmTC_ae02d.dir/build.make CMakeFiles/cmTC_ae02d.dir/build
make[1]: Entering directory '/home/jetson/Downloads/VIO/code/aru_core/src/CMakeFiles/CMakeTmp'
Building C object CMakeFiles/cmTC_ae02d.dir/CheckFunctionExists.c.o
/usr/bin/cc   -DCHECK_FUNCTION_EXISTS=pthread_create -fPIE   -o CMakeFiles/cmTC_ae02d.dir/CheckFunctionExists.c.o   -c /usr/share/cmake-3.16/Modules/CheckFunctionExists.c
Linking C executable cmTC_ae02d
/usr/bin/cmake -E cmake_link_script CMakeFiles/cmTC_ae02d.dir/link.txt --verbose=1
/usr/bin/cc  -DCHECK_FUNCTION_EXISTS=pthread_create    CMakeFiles/cmTC_ae02d.dir/CheckFunctionExists.c.o  -o cmTC_ae02d  -lpthreads 
/usr/bin/ld: cannot find -lpthreads
collect2: error: ld returned 1 exit status
make[1]: *** [CMakeFiles/cmTC_ae02d.dir/build.make:87: cmTC_ae02d] Error 1
make[1]: Leaving directory '/home/jetson/Downloads/VIO/code/aru_core/src/CMakeFiles/CMakeTmp'
make: *** [Makefile:121: cmTC_ae02d/fast] Error 2



