Performing C SOURCE FILE Test CMAKE_HAVE_LIBC_PTHREAD failed with the following output:
Change Dir: /home/MKNDEA002/vio/build/CMakeFiles/CMakeScratch/TryCompile-dX0NGj

Run Build Command(s):/usr/bin/gmake -f Makefile cmTC_0fad7/fast && /usr/bin/gmake  -f CMakeFiles/cmTC_0fad7.dir/build.make CMakeFiles/cmTC_0fad7.dir/build
gmake[1]: Entering directory '/home/MKNDEA002/vio/build/CMakeFiles/CMakeScratch/TryCompile-dX0NGj'
Building C object CMakeFiles/cmTC_0fad7.dir/src.c.o
/usr/bin/cc -DCMAKE_HAVE_LIBC_PTHREAD   -o CMakeFiles/cmTC_0fad7.dir/src.c.o -c /home/MKNDEA002/vio/build/CMakeFiles/CMakeScratch/TryCompile-dX0NGj/src.c
Linking C executable cmTC_0fad7
/usr/local/lib/python3.8/dist-packages/cmake/data/bin/cmake -E cmake_link_script CMakeFiles/cmTC_0fad7.dir/link.txt --verbose=1
/usr/bin/cc CMakeFiles/cmTC_0fad7.dir/src.c.o -o cmTC_0fad7 
/usr/bin/ld: CMakeFiles/cmTC_0fad7.dir/src.c.o: in function `main':
src.c:(.text+0x46): undefined reference to `pthread_create'
/usr/bin/ld: src.c:(.text+0x52): undefined reference to `pthread_detach'
/usr/bin/ld: src.c:(.text+0x5e): undefined reference to `pthread_cancel'
/usr/bin/ld: src.c:(.text+0x6f): undefined reference to `pthread_join'
collect2: error: ld returned 1 exit status
gmake[1]: *** [CMakeFiles/cmTC_0fad7.dir/build.make:99: cmTC_0fad7] Error 1
gmake[1]: Leaving directory '/home/MKNDEA002/vio/build/CMakeFiles/CMakeScratch/TryCompile-dX0NGj'
gmake: *** [Makefile:127: cmTC_0fad7/fast] Error 2


Source file was:
#include <pthread.h>

static void* test_func(void* data)
{
  return data;
}

int main(void)
{
  pthread_t thread;
  pthread_create(&thread, NULL, test_func, NULL);
  pthread_detach(thread);
  pthread_cancel(thread);
  pthread_join(thread, NULL);
  pthread_atfork(NULL, NULL, NULL);
  pthread_exit(NULL);

  return 0;
}


Determining if the function pthread_create exists in the pthreads failed with the following output:
Change Dir: /home/MKNDEA002/vio/build/CMakeFiles/CMakeScratch/TryCompile-j4ER4j

Run Build Command(s):/usr/bin/gmake -f Makefile cmTC_b96ff/fast && /usr/bin/gmake  -f CMakeFiles/cmTC_b96ff.dir/build.make CMakeFiles/cmTC_b96ff.dir/build
gmake[1]: Entering directory '/home/MKNDEA002/vio/build/CMakeFiles/CMakeScratch/TryCompile-j4ER4j'
Building C object CMakeFiles/cmTC_b96ff.dir/CheckFunctionExists.c.o
/usr/bin/cc   -DCHECK_FUNCTION_EXISTS=pthread_create -o CMakeFiles/cmTC_b96ff.dir/CheckFunctionExists.c.o -c /home/MKNDEA002/vio/build/CMakeFiles/CMakeScratch/TryCompile-j4ER4j/CheckFunctionExists.c
Linking C executable cmTC_b96ff
/usr/local/lib/python3.8/dist-packages/cmake/data/bin/cmake -E cmake_link_script CMakeFiles/cmTC_b96ff.dir/link.txt --verbose=1
/usr/bin/cc  -DCHECK_FUNCTION_EXISTS=pthread_create CMakeFiles/cmTC_b96ff.dir/CheckFunctionExists.c.o -o cmTC_b96ff  -lpthreads 
/usr/bin/ld: cannot find -lpthreads
collect2: error: ld returned 1 exit status
gmake[1]: *** [CMakeFiles/cmTC_b96ff.dir/build.make:99: cmTC_b96ff] Error 1
gmake[1]: Leaving directory '/home/MKNDEA002/vio/build/CMakeFiles/CMakeScratch/TryCompile-j4ER4j'
gmake: *** [Makefile:127: cmTC_b96ff/fast] Error 2



